05/11/2015 15:58:47|5|Trace|ASTM_AnalysisService|------------------Begin Analysing file D:\ASTM\Results\Result_Message.txt------------------
05/11/2015 15:58:47|5|Trace|ASTM_AnalysisService|Read All lines
05/11/2015 15:58:47|5|Trace|ASTM_AnalysisService|File format is valid
05/11/2015 15:58:47|5|Trace|ASTM_AnalysisService|Number of AssignCode 1
05/11/2015 15:58:47|5|Trace|ASTM_AnalysisService|GetData base on PID 15000221 and AssignCode List 1511050001 
05/11/2015 15:58:47|5|Trace|ASTM_AnalysisService|Number of DataRow:=8
05/11/2015 15:58:47|5|Trace|ASTM_AnalysisService|Begin Analysing Line 1...
05/11/2015 15:58:47|5|Trace|ASTM_AnalysisService|Line Data-->ma_chidinh=1511050001 ma_xetnghiem=1690, ketqua=12, DVT=mmol/L,ngaytraketqua=20121031115507 
05/11/2015 15:58:47|5|Trace|ASTM_AnalysisService|Row Data-->ma_chidinh=1511050001 ma_xetnghiem=1690, id_chidinh=171, id_chitietchidinh=243,id_chitietdichvu=178 
05/11/2015 15:58:48|5|Trace|ASTM_AnalysisService|ma_xetnghiem=1690-->updated from KcbKetquaCl
05/11/2015 15:58:48|5|Trace|ASTM_AnalysisService|Begin Analysing Line 2...
05/11/2015 15:58:48|5|Trace|ASTM_AnalysisService|Line Data-->ma_chidinh=1511050001 ma_xetnghiem=1689, ketqua=13, DVT=mmol/L,ngaytraketqua=20121031115507 
05/11/2015 15:58:48|5|Trace|ASTM_AnalysisService|Row Data-->ma_chidinh=1511050001 ma_xetnghiem=1689, id_chidinh=171, id_chitietchidinh=244,id_chitietdichvu=177 
05/11/2015 15:58:48|5|Trace|ASTM_AnalysisService|ma_xetnghiem=1689-->updated from KcbKetquaCl
05/11/2015 15:58:48|5|Trace|ASTM_AnalysisService|Begin Analysing Line 3...
05/11/2015 15:58:48|5|Trace|ASTM_AnalysisService|Line Data-->ma_chidinh=1511050001 ma_xetnghiem=TPT1, ketqua=14, DVT=mmol/L,ngaytraketqua=20121031115507 
05/11/2015 15:58:48|5|Trace|ASTM_AnalysisService|Row Data-->ma_chidinh=1511050001 ma_xetnghiem=TPT1, id_chidinh=171, id_chitietchidinh=245,id_chitietdichvu=251 
05/11/2015 15:58:48|5|Trace|ASTM_AnalysisService|ma_xetnghiem=TPT1-->updated from KcbKetquaCl
05/11/2015 15:58:48|5|Trace|ASTM_AnalysisService|Begin Analysing Line 4...
05/11/2015 15:58:48|5|Trace|ASTM_AnalysisService|Line Data-->ma_chidinh=1511050001 ma_xetnghiem=CT2, ketqua=15, DVT=mmol/L,ngaytraketqua=20121031115507 
05/11/2015 15:58:48|5|Trace|ASTM_AnalysisService|Row Data-->ma_chidinh=1511050001 ma_xetnghiem=CT2, id_chidinh=171, id_chitietchidinh=245,id_chitietdichvu=252 
05/11/2015 15:58:48|5|Trace|ASTM_AnalysisService|ma_xetnghiem=CT2-->updated from KcbKetquaCl
05/11/2015 15:58:48|5|Trace|ASTM_AnalysisService|Begin Analysing Line 5...
05/11/2015 15:58:48|5|Trace|ASTM_AnalysisService|Line Data-->ma_chidinh=1511050001 ma_xetnghiem=CT3, ketqua=16, DVT=mmol/L,ngaytraketqua=20121031115507 
05/11/2015 15:58:48|5|Trace|ASTM_AnalysisService|Row Data-->ma_chidinh=1511050001 ma_xetnghiem=CT3, id_chidinh=171, id_chitietchidinh=245,id_chitietdichvu=253 
05/11/2015 15:58:48|5|Trace|ASTM_AnalysisService|ma_xetnghiem=CT3-->updated from KcbKetquaCl
05/11/2015 15:58:48|5|Trace|ASTM_AnalysisService|Begin Analysing Line 6...
05/11/2015 15:58:48|5|Trace|ASTM_AnalysisService|Line Data-->ma_chidinh=1511050001 ma_xetnghiem=CT4, ketqua=17, DVT=mmol/L,ngaytraketqua=20121031115507 
05/11/2015 15:58:48|5|Trace|ASTM_AnalysisService|Row Data-->ma_chidinh=1511050001 ma_xetnghiem=CT4, id_chidinh=171, id_chitietchidinh=245,id_chitietdichvu=254 
05/11/2015 15:58:48|5|Trace|ASTM_AnalysisService|ma_xetnghiem=CT4-->updated from KcbKetquaCl
05/11/2015 15:58:48|5|Trace|ASTM_AnalysisService|Begin Analysing Line 7...
05/11/2015 15:58:48|5|Trace|ASTM_AnalysisService|Line Data-->ma_chidinh=1511050001 ma_xetnghiem=CT5, ketqua=18, DVT=mmol/L,ngaytraketqua=20121031115507 
05/11/2015 15:58:48|5|Trace|ASTM_AnalysisService|Row Data-->ma_chidinh=1511050001 ma_xetnghiem=CT5, id_chidinh=171, id_chitietchidinh=245,id_chitietdichvu=255 
05/11/2015 15:58:48|5|Trace|ASTM_AnalysisService|ma_xetnghiem=CT5-->updated from KcbKetquaCl
05/11/2015 15:58:48|5|Trace|ASTM_AnalysisService|Begin Analysing Line 8...
05/11/2015 15:58:48|5|Trace|ASTM_AnalysisService|Line Data-->ma_chidinh=1511050001 ma_xetnghiem=CT6, ketqua=AAAA, DVT=mmol/L,ngaytraketqua=20121031115507 
05/11/2015 15:58:48|5|Trace|ASTM_AnalysisService|Row Data-->ma_chidinh=1511050001 ma_xetnghiem=CT6, id_chidinh=171, id_chitietchidinh=245,id_chitietdichvu=256 
05/11/2015 15:58:48|5|Trace|ASTM_AnalysisService|ma_xetnghiem=CT6-->updated from KcbKetquaCl
05/11/2015 15:58:48|5|Trace|ASTM_AnalysisService|Move file from D:\ASTM\Results\Result_Message.txt to D:\ASTM\Bak\Result_Message.txt succedded
05/11/2015 15:58:48|5|Trace|ASTM_AnalysisService|------------------Finish Analysing file D:\ASTM\Results\Result_Message.txt------------------
05/11/2015 15:59:38|4|Trace|ASTM_AnalysisService|------------------Begin Analysing file D:\ASTM\Results\Result_Message.txt------------------
05/11/2015 15:59:38|4|Trace|ASTM_AnalysisService|Read All lines
05/11/2015 15:59:38|4|Trace|ASTM_AnalysisService|File format is valid
05/11/2015 15:59:38|4|Trace|ASTM_AnalysisService|Number of AssignCode 1
05/11/2015 15:59:38|4|Trace|ASTM_AnalysisService|GetData base on PID 15000221 and AssignCode List 1511050001 
05/11/2015 15:59:38|4|Trace|ASTM_AnalysisService|Number of DataRow:=8
05/11/2015 15:59:38|4|Trace|ASTM_AnalysisService|Begin Analysing Line 1...
05/11/2015 15:59:38|4|Trace|ASTM_AnalysisService|Line Data-->ma_chidinh=1511050001 ma_xetnghiem=1690, ketqua=12, DVT=mmol/L,ngaytraketqua=20121031115507 
05/11/2015 15:59:38|4|Trace|ASTM_AnalysisService|Row Data-->ma_chidinh=1511050001 ma_xetnghiem=1690, id_chidinh=171, id_chitietchidinh=243,id_chitietdichvu=178 
05/11/2015 15:59:38|4|Trace|ASTM_AnalysisService|ma_xetnghiem=1690-->insert into KcbKetquaCl
05/11/2015 15:59:38|4|Trace|ASTM_AnalysisService|Begin Analysing Line 2...
05/11/2015 15:59:38|4|Trace|ASTM_AnalysisService|Line Data-->ma_chidinh=1511050001 ma_xetnghiem=1689, ketqua=13, DVT=mmol/L,ngaytraketqua=20121031115507 
05/11/2015 15:59:38|4|Trace|ASTM_AnalysisService|Row Data-->ma_chidinh=1511050001 ma_xetnghiem=1689, id_chidinh=171, id_chitietchidinh=244,id_chitietdichvu=177 
05/11/2015 15:59:38|4|Trace|ASTM_AnalysisService|ma_xetnghiem=1689-->insert into KcbKetquaCl
05/11/2015 15:59:38|4|Trace|ASTM_AnalysisService|Begin Analysing Line 3...
05/11/2015 15:59:38|4|Trace|ASTM_AnalysisService|Line Data-->ma_chidinh=1511050001 ma_xetnghiem=TPT1, ketqua=14, DVT=mmol/L,ngaytraketqua=20121031115507 
05/11/2015 15:59:38|4|Trace|ASTM_AnalysisService|Row Data-->ma_chidinh=1511050001 ma_xetnghiem=TPT1, id_chidinh=171, id_chitietchidinh=245,id_chitietdichvu=251 
05/11/2015 15:59:38|4|Trace|ASTM_AnalysisService|ma_xetnghiem=TPT1-->insert into KcbKetquaCl
05/11/2015 15:59:38|4|Trace|ASTM_AnalysisService|Begin Analysing Line 4...
05/11/2015 15:59:38|4|Trace|ASTM_AnalysisService|Line Data-->ma_chidinh=1511050001 ma_xetnghiem=CT2, ketqua=15, DVT=mmol/L,ngaytraketqua=20121031115507 
05/11/2015 15:59:38|4|Trace|ASTM_AnalysisService|Row Data-->ma_chidinh=1511050001 ma_xetnghiem=CT2, id_chidinh=171, id_chitietchidinh=245,id_chitietdichvu=252 
05/11/2015 15:59:38|4|Trace|ASTM_AnalysisService|ma_xetnghiem=CT2-->insert into KcbKetquaCl
05/11/2015 15:59:38|4|Trace|ASTM_AnalysisService|Begin Analysing Line 5...
05/11/2015 15:59:38|4|Trace|ASTM_AnalysisService|Line Data-->ma_chidinh=1511050001 ma_xetnghiem=CT3, ketqua=16, DVT=mmol/L,ngaytraketqua=20121031115507 
05/11/2015 15:59:38|4|Trace|ASTM_AnalysisService|Row Data-->ma_chidinh=1511050001 ma_xetnghiem=CT3, id_chidinh=171, id_chitietchidinh=245,id_chitietdichvu=253 
05/11/2015 15:59:38|4|Trace|ASTM_AnalysisService|ma_xetnghiem=CT3-->insert into KcbKetquaCl
05/11/2015 15:59:38|4|Trace|ASTM_AnalysisService|Begin Analysing Line 6...
05/11/2015 15:59:38|4|Trace|ASTM_AnalysisService|Line Data-->ma_chidinh=1511050001 ma_xetnghiem=CT4, ketqua=17, DVT=mmol/L,ngaytraketqua=20121031115507 
05/11/2015 15:59:38|4|Trace|ASTM_AnalysisService|Row Data-->ma_chidinh=1511050001 ma_xetnghiem=CT4, id_chidinh=171, id_chitietchidinh=245,id_chitietdichvu=254 
05/11/2015 15:59:38|4|Trace|ASTM_AnalysisService|ma_xetnghiem=CT4-->insert into KcbKetquaCl
05/11/2015 15:59:38|4|Trace|ASTM_AnalysisService|Begin Analysing Line 7...
05/11/2015 15:59:38|4|Trace|ASTM_AnalysisService|Line Data-->ma_chidinh=1511050001 ma_xetnghiem=CT5, ketqua=18, DVT=mmol/L,ngaytraketqua=20121031115507 
05/11/2015 15:59:38|4|Trace|ASTM_AnalysisService|Row Data-->ma_chidinh=1511050001 ma_xetnghiem=CT5, id_chidinh=171, id_chitietchidinh=245,id_chitietdichvu=255 
05/11/2015 15:59:38|4|Trace|ASTM_AnalysisService|ma_xetnghiem=CT5-->insert into KcbKetquaCl
05/11/2015 15:59:38|4|Trace|ASTM_AnalysisService|Begin Analysing Line 8...
05/11/2015 15:59:38|4|Trace|ASTM_AnalysisService|Line Data-->ma_chidinh=1511050001 ma_xetnghiem=CT6, ketqua=AAAA, DVT=mmol/L,ngaytraketqua=20121031115507 
05/11/2015 15:59:38|4|Trace|ASTM_AnalysisService|Row Data-->ma_chidinh=1511050001 ma_xetnghiem=CT6, id_chidinh=171, id_chitietchidinh=245,id_chitietdichvu=256 
05/11/2015 15:59:38|4|Trace|ASTM_AnalysisService|ma_xetnghiem=CT6-->insert into KcbKetquaCl
05/11/2015 15:59:38|4|Trace|ASTM_AnalysisService|Move file from D:\ASTM\Results\Result_Message.txt to D:\ASTM\Bak\Result_Message.txt succedded
05/11/2015 15:59:38|4|Trace|ASTM_AnalysisService|------------------Finish Analysing file D:\ASTM\Results\Result_Message.txt------------------
05/11/2015 15:59:58|5|Trace|ASTM_AnalysisService|------------------Begin Analysing file D:\ASTM\Results\Result_Message.txt------------------
05/11/2015 15:59:58|5|Trace|ASTM_AnalysisService|Read All lines
05/11/2015 15:59:58|5|Trace|ASTM_AnalysisService|File format is valid
05/11/2015 15:59:58|5|Trace|ASTM_AnalysisService|Number of AssignCode 1
05/11/2015 15:59:58|5|Trace|ASTM_AnalysisService|GetData base on PID 15000221 and AssignCode List 1511050001 
05/11/2015 15:59:58|5|Trace|ASTM_AnalysisService|Number of DataRow:=8
05/11/2015 15:59:58|5|Trace|ASTM_AnalysisService|Begin Analysing Line 1...
05/11/2015 15:59:58|5|Trace|ASTM_AnalysisService|Line Data-->ma_chidinh=1511050001 ma_xetnghiem=1690, ketqua=A, DVT=mmol/L,ngaytraketqua=20121031115507 
05/11/2015 15:59:58|5|Trace|ASTM_AnalysisService|Row Data-->ma_chidinh=1511050001 ma_xetnghiem=1690, id_chidinh=171, id_chitietchidinh=243,id_chitietdichvu=178 
05/11/2015 15:59:58|5|Trace|ASTM_AnalysisService|ma_xetnghiem=1690-->updated from KcbKetquaCl
05/11/2015 15:59:58|5|Trace|ASTM_AnalysisService|Begin Analysing Line 2...
05/11/2015 15:59:58|5|Trace|ASTM_AnalysisService|Line Data-->ma_chidinh=1511050001 ma_xetnghiem=1689, ketqua=B, DVT=mmol/L,ngaytraketqua=20121031115507 
05/11/2015 15:59:58|5|Trace|ASTM_AnalysisService|Row Data-->ma_chidinh=1511050001 ma_xetnghiem=1689, id_chidinh=171, id_chitietchidinh=244,id_chitietdichvu=177 
05/11/2015 15:59:58|5|Trace|ASTM_AnalysisService|ma_xetnghiem=1689-->updated from KcbKetquaCl
05/11/2015 15:59:58|5|Trace|ASTM_AnalysisService|Begin Analysing Line 3...
05/11/2015 15:59:58|5|Trace|ASTM_AnalysisService|Line Data-->ma_chidinh=1511050001 ma_xetnghiem=TPT1, ketqua=C, DVT=mmol/L,ngaytraketqua=20121031115507 
05/11/2015 15:59:58|5|Trace|ASTM_AnalysisService|Row Data-->ma_chidinh=1511050001 ma_xetnghiem=TPT1, id_chidinh=171, id_chitietchidinh=245,id_chitietdichvu=251 
05/11/2015 15:59:58|5|Trace|ASTM_AnalysisService|ma_xetnghiem=TPT1-->updated from KcbKetquaCl
05/11/2015 15:59:58|5|Trace|ASTM_AnalysisService|Begin Analysing Line 4...
05/11/2015 15:59:58|5|Trace|ASTM_AnalysisService|Line Data-->ma_chidinh=1511050001 ma_xetnghiem=CT2, ketqua=D, DVT=mmol/L,ngaytraketqua=20121031115507 
05/11/2015 15:59:58|5|Trace|ASTM_AnalysisService|Row Data-->ma_chidinh=1511050001 ma_xetnghiem=CT2, id_chidinh=171, id_chitietchidinh=245,id_chitietdichvu=252 
05/11/2015 15:59:58|5|Trace|ASTM_AnalysisService|ma_xetnghiem=CT2-->updated from KcbKetquaCl
05/11/2015 15:59:58|5|Trace|ASTM_AnalysisService|Begin Analysing Line 5...
05/11/2015 15:59:58|5|Trace|ASTM_AnalysisService|Line Data-->ma_chidinh=1511050001 ma_xetnghiem=CT3, ketqua=E, DVT=mmol/L,ngaytraketqua=20121031115507 
05/11/2015 15:59:58|5|Trace|ASTM_AnalysisService|Row Data-->ma_chidinh=1511050001 ma_xetnghiem=CT3, id_chidinh=171, id_chitietchidinh=245,id_chitietdichvu=253 
05/11/2015 15:59:58|5|Trace|ASTM_AnalysisService|ma_xetnghiem=CT3-->updated from KcbKetquaCl
05/11/2015 15:59:58|5|Trace|ASTM_AnalysisService|Begin Analysing Line 6...
05/11/2015 15:59:58|5|Trace|ASTM_AnalysisService|Line Data-->ma_chidinh=1511050001 ma_xetnghiem=CT4, ketqua=F, DVT=mmol/L,ngaytraketqua=20121031115507 
05/11/2015 15:59:58|5|Trace|ASTM_AnalysisService|Row Data-->ma_chidinh=1511050001 ma_xetnghiem=CT4, id_chidinh=171, id_chitietchidinh=245,id_chitietdichvu=254 
05/11/2015 15:59:58|5|Trace|ASTM_AnalysisService|ma_xetnghiem=CT4-->updated from KcbKetquaCl
05/11/2015 15:59:58|5|Trace|ASTM_AnalysisService|Begin Analysing Line 7...
05/11/2015 15:59:58|5|Trace|ASTM_AnalysisService|Line Data-->ma_chidinh=1511050001 ma_xetnghiem=CT5, ketqua=G, DVT=mmol/L,ngaytraketqua=20121031115507 
05/11/2015 15:59:58|5|Trace|ASTM_AnalysisService|Row Data-->ma_chidinh=1511050001 ma_xetnghiem=CT5, id_chidinh=171, id_chitietchidinh=245,id_chitietdichvu=255 
05/11/2015 15:59:58|5|Trace|ASTM_AnalysisService|ma_xetnghiem=CT5-->updated from KcbKetquaCl
05/11/2015 15:59:58|5|Trace|ASTM_AnalysisService|Begin Analysing Line 8...
05/11/2015 15:59:58|5|Trace|ASTM_AnalysisService|Line Data-->ma_chidinh=1511050001 ma_xetnghiem=CT6, ketqua=H, DVT=mmol/L,ngaytraketqua=20121031115507 
05/11/2015 15:59:58|5|Trace|ASTM_AnalysisService|Row Data-->ma_chidinh=1511050001 ma_xetnghiem=CT6, id_chidinh=171, id_chitietchidinh=245,id_chitietdichvu=256 
05/11/2015 15:59:58|5|Trace|ASTM_AnalysisService|ma_xetnghiem=CT6-->updated from KcbKetquaCl
05/11/2015 15:59:58|5|Trace|ASTM_AnalysisService|Move file from D:\ASTM\Results\Result_Message.txt to D:\ASTM\Bak\Result_Message.txt succedded
05/11/2015 15:59:58|5|Trace|ASTM_AnalysisService|------------------Finish Analysing file D:\ASTM\Results\Result_Message.txt------------------
05/11/2015 19:53:50|5|Trace|ASTM_AnalysisService|Start Server..........
05/11/2015 23:49:19|5|Trace|ASTM_AnalysisService|Start Server..........
